<?xml version="1.0" encoding="UTF-8"?>
<web-app version="3.1"
         xmlns="http://xmlns.jcp.org/xml/ns/javaee"
         xmlns:xsi="http://www.w3.org/2001/XMLSchema-instance"
         xsi:schemaLocation="http://xmlns.jcp.org/xml/ns/javaee http://xmlns.jcp.org/xml/ns/javaee/web-app_3_1.xsd">
    <data-source>
        <name>java:global/jdbc/ActionBazaarDB</name>
        <class-name>com.mysql.jdbc.jdbc2.optional.MysqlConnectionPoolDataSource </class-name>
        <url>jdbc:mysql://10.4.1.218:3306/test</url>
		<user>root</user>
		<password>root</password>    
    </data-source>
</web-app>